#
# An unexpected error has been detected by Java Runtime Environment:
#
#  Internal Error (53414645504F494E540E43505000ED), pid=9210, tid=2942716816
#
# Java VM: Java HotSpot(TM) Client VM (1.6.0_01-b06 mixed mode, sharing)
# If you would like to submit a bug report, please visit:
#   http://java.sun.com/webapps/bugreport/crash.jsp
#

---------------  T H R E A D  ---------------

Current thread (0x093cc800):  VMThread [id=9272]

Stack: [0xaf5e4000,0xaf665000),  sp=0xaf664070,  free space=512k
Native frames: (J=compiled Java code, j=interpreted, Vv=VM code, C=native code)
V  [libjvm.so+0x3ae327]
V  [libjvm.so+0x1af74f]
V  [libjvm.so+0x335be0]
V  [libjvm.so+0x3c0e82]
V  [libjvm.so+0x3c079f]
V  [libjvm.so+0x306aa3]
C  [libpthread.so.0+0x53db]


---------------  P R O C E S S  ---------------

Java Threads: ( => current thread )
  0x09961c00 JavaThread "Prefs Updater" [_thread_blocked, id=9290]
  0x095d0c00 JavaThread "Timer-1" [_thread_blocked, id=9287]
  0xae9f8c00 JavaThread "TimerQueue" daemon [_thread_blocked, id=9285]
  0xae9e1000 JavaThread "AWT-EventQueue-0" [_thread_in_Java, id=9284]
  0xae992800 JavaThread "AWT-Shutdown" [_thread_blocked, id=9283]
  0xae986400 JavaThread "AWT-XAWT" daemon [_thread_blocked, id=9281]
  0x094a4000 JavaThread "Java2D Disposer" daemon [_thread_blocked, id=9280]
  0xaf287000 JavaThread "Timer-0" [_thread_blocked, id=9279]
  0x093e1400 JavaThread "Low Memory Detector" daemon [_thread_blocked, id=9277]
  0x093df800 JavaThread "CompilerThread0" daemon [_thread_blocked, id=9276]
  0x093de400 JavaThread "Attach Listener" daemon [_thread_blocked, id=9275]
  0x093d7000 JavaThread "Finalizer" daemon [_thread_blocked, id=9274]
  0x093d6000 JavaThread "Reference Handler" daemon [_thread_blocked, id=9273]
  0x093ae800 JavaThread "main" [_thread_blocked, id=9269]

Other Threads:
=>0x093cc800 VMThread [id=9272]
  0x093fc400 WatcherThread [id=9278]

VM state:synchronizing (normal execution)

VM Mutex/Monitor currently owned by a thread:  ([mutex/lock_event])
[0x093a2148/0x093a2170] Safepoint_lock - owner thread: 0x093cc800
[0x093a21c8/0x093a21f0] Threads_lock - owner thread: 0x093cc800

Heap
 def new generation   total 14784K, used 12673K [0x73880000, 0x74880000, 0x75880000)
  eden space 13184K,  90% used [0x73880000, 0x74424cf8, 0x74560000)
  from space 1600K,  46% used [0x74560000, 0x7461b9a0, 0x746f0000)
  to   space 1600K,   0% used [0x746f0000, 0x746f0000, 0x74880000)
 tenured generation   total 49152K, used 6855K [0x75880000, 0x78880000, 0x7b880000)
   the space 49152K,  13% used [0x75880000, 0x75f31c60, 0x75f31e00, 0x78880000)
 compacting perm gen  total 16128K, used 16086K [0x7b880000, 0x7c840000, 0x7f880000)
   the space 16128K,  99% used [0x7b880000, 0x7c835b48, 0x7c835c00, 0x7c840000)
    ro space 8192K,  69% used [0x7f880000, 0x7fe0d200, 0x7fe0d200, 0x80080000)
    rw space 12288K,  57% used [0x80080000, 0x8076a128, 0x8076a200, 0x80c80000)

Dynamic libraries:
06000000-06412000 r-xp 00000000 fd:02 13058243   /work/local_save/MathWorks/sys/java/jre/glnx86/jre1.6.0/lib/i386/client/libjvm.so
06412000-0642b000 rwxp 00412000 fd:02 13058243   /work/local_save/MathWorks/sys/java/jre/glnx86/jre1.6.0/lib/i386/client/libjvm.so
0642b000-0684a000 rwxp 0642b000 00:00 0 
08048000-0804a000 r-xp 00000000 fd:02 13041667   /work/local_save/MathWorks/bin/glnx86/MATLAB
0804a000-0804b000 rwxp 00001000 fd:02 13041667   /work/local_save/MathWorks/bin/glnx86/MATLAB
092e9000-09be8000 rwxp 092e9000 00:00 0 
471bc000-471d5000 r-xp 00000000 08:01 237049     /lib/ld-2.5.so
471d5000-471d6000 r-xp 00018000 08:01 237049     /lib/ld-2.5.so
471d6000-471d7000 rwxp 00019000 08:01 237049     /lib/ld-2.5.so
471d9000-471e0000 r-xp 00000000 08:01 237064     /lib/librt-2.5.so
471e0000-471e1000 r-xp 00006000 08:01 237064     /lib/librt-2.5.so
471e1000-471e2000 rwxp 00007000 08:01 237064     /lib/librt-2.5.so
471e4000-47224000 r-xp 00000000 08:01 382757     /usr/lib/libncurses.so.5.5
47224000-4722c000 rwxp 00040000 08:01 382757     /usr/lib/libncurses.so.5.5
4722c000-4722d000 rwxp 4722c000 00:00 0 
4722f000-47236000 r-xp 00000000 08:01 377385     /usr/lib/libXp.so.6.2.0
47236000-47237000 rwxp 00006000 08:01 377385     /usr/lib/libXp.so.6.2.0
47bc0000-47cf7000 r-xp 00000000 08:01 237051     /lib/libc-2.5.so
47cf7000-47cf9000 r-xp 00137000 08:01 237051     /lib/libc-2.5.so
47cf9000-47cfa000 rwxp 00139000 08:01 237051     /lib/libc-2.5.so
47cfa000-47cfd000 rwxp 47cfa000 00:00 0 
47cff000-47d24000 r-xp 00000000 08:01 237056     /lib/libm-2.5.so
47d24000-47d25000 r-xp 00024000 08:01 237056     /lib/libm-2.5.so
47d25000-47d26000 rwxp 00025000 08:01 237056     /lib/libm-2.5.so
47d28000-47d2a000 r-xp 00000000 08:01 237052     /lib/libdl-2.5.so
47d2a000-47d2b000 r-xp 00001000 08:01 237052     /lib/libdl-2.5.so
47d2b000-47d2c000 rwxp 00002000 08:01 237052     /lib/libdl-2.5.so
47d2e000-47d41000 r-xp 00000000 08:01 237058     /lib/libpthread-2.5.so
47d41000-47d42000 r-xp 00012000 08:01 237058     /lib/libpthread-2.5.so
47d42000-47d43000 rwxp 00013000 08:01 237058     /lib/libpthread-2.5.so
47d43000-47d45000 rwxp 47d43000 00:00 0 
47d5c000-47e5a000 r-xp 00000000 08:01 382713     /usr/lib/libX11.so.6.2.0
47e5a000-47e5e000 rwxp 000fe000 08:01 382713     /usr/lib/libX11.so.6.2.0
47e60000-47e62000 r-xp 00000000 08:01 382711     /usr/lib/libXau.so.6.0.0
47e62000-47e63000 rwxp 00001000 08:01 382711     /usr/lib/libXau.so.6.0.0
47e65000-47e6a000 r-xp 00000000 08:01 382712     /usr/lib/libXdmcp.so.6.0.0
47e6a000-47e6b000 rwxp 00004000 08:01 382712     /usr/lib/libXdmcp.so.6.0.0
47e6d000-47e7c000 r-xp 00000000 08:01 382718     /usr/lib/libXext.so.6.4.0
47e7c000-47e7d000 rwxp 0000e000 08:01 382718     /usr/lib/libXext.so.6.4.0
47f7a000-47f82000 r-xp 00000000 08:01 380423     /usr/lib/libSM.so.6.0.0
47f82000-47f83000 rwxp 00007000 08:01 380423     /usr/lib/libSM.so.6.0.0
47f85000-47f9c000 r-xp 00000000 08:01 382727     /usr/lib/libICE.so.6.3.0
47f9c000-47f9d000 rwxp 00016000 08:01 382727     /usr/lib/libICE.so.6.3.0
47f9d000-47f9f000 rwxp 47f9d000 00:00 0 
4809f000-480a7000 r-xp 00000000 08:01 382714     /usr/lib/libXrender.so.1.3.0
480a7000-480a8000 rwxp 00007000 08:01 382714     /usr/lib/libXrender.so.1.3.0
480aa000-480ae000 r-xp 00000000 08:01 382722     /usr/lib/libXfixes.so.3.1.0
480ae000-480af000 rwxp 00003000 08:01 382722     /usr/lib/libXfixes.so.3.1.0
480b6000-480bf000 r-xp 00000000 08:01 382723     /usr/lib/libXcursor.so.1.0.2
480bf000-480c0000 rwxp 00008000 08:01 382723     /usr/lib/libXcursor.so.1.0.2
481d2000-481e8000 r-xp 00000000 08:01 382755     /usr/lib/libXmu.so.6.2.0
481e8000-481e9000 rwxp 00016000 08:01 382755     /usr/lib/libXmu.so.6.2.0
48219000-48220000 r-xp 00000000 08:01 382720     /usr/lib/libXi.so.6.0.0
48220000-48221000 rwxp 00006000 08:01 382720     /usr/lib/libXi.so.6.0.0
48423000-48477000 r-xp 00000000 08:01 382754     /usr/lib/libXt.so.6.0.0
48477000-4847b000 rwxp 00054000 08:01 382754     /usr/lib/libXt.so.6.0.0
73880000-74880000 rwxp 73880000 00:00 0 
74880000-75880000 rwxp 74880000 00:00 0 
75880000-78880000 rwxp 75880000 00:00 0 
78880000-7b880000 rwxp 78880000 00:00 0 
7b880000-7c840000 rwxp 7b880000 00:00 0 
7c840000-7f880000 rwxp 7c840000 00:00 0 
7f880000-7fe0e000 r-xs 00001000 fd:02 13058241   /work/local_save/MathWorks/sys/java/jre/glnx86/jre1.6.0/lib/i386/client/classes.jsa
7fe0e000-80080000 rwxp 7fe0e000 00:00 0 
80080000-8076b000 rwxp 0058f000 fd:02 13058241   /work/local_save/MathWorks/sys/java/jre/glnx86/jre1.6.0/lib/i386/client/classes.jsa
8076b000-80c80000 rwxp 8076b000 00:00 0 
80c80000-80d54000 rwxp 00c7a000 fd:02 13058241   /work/local_save/MathWorks/sys/java/jre/glnx86/jre1.6.0/lib/i386/client/classes.jsa
80d54000-81080000 rwxp 80d54000 00:00 0 
81080000-81084000 r-xs 00d4e000 fd:02 13058241   /work/local_save/MathWorks/sys/java/jre/glnx86/jre1.6.0/lib/i386/client/classes.jsa
81084000-81480000 rwxp 81084000 00:00 0 
abec5000-ac933000 rwxp abec5000 00:00 0 
ac933000-ac934000 --xp ac933000 00:00 0 
ac934000-ad58d000 rwxp ac934000 00:00 0 
ad625000-ad727000 rwxp ad625000 00:00 0 
ad767000-ad7a8000 rwxp ad767000 00:00 0 
ad7a8000-ad7ab000 rwxp ad7a8000 00:00 0 
ad7ab000-ad7f9000 rwxp ad7ab000 00:00 0 
ad7f9000-ad7fc000 rwxp ad7f9000 00:00 0 
ad7fc000-ad84a000 rwxp ad7fc000 00:00 0 
ad84a000-ad84d000 rwxp ad84a000 00:00 0 
ad84d000-ad89b000 rwxp ad84d000 00:00 0 
ad8db000-ad90d000 r-xp 00000000 fd:02 13041763   /work/local_save/MathWorks/bin/glnx86/libmwhgbuiltins.so
ad90d000-ad90f000 rwxp 00031000 fd:02 13041763   /work/local_save/MathWorks/bin/glnx86/libmwhgbuiltins.so
ad90f000-ad9cf000 rwxp ad90f000 00:00 0 
ada0f000-adb92000 rwxp ada0f000 00:00 0 
adbd2000-adc95000 rwxp adbd2000 00:00 0 
adcb1000-adcd4000 r-xp 00000000 fd:02 13090896   /work/local_save/MathWorks/toolbox/matlab/imagesci/private/png.mexglx
adcd4000-adcd5000 rwxp 00023000 fd:02 13090896   /work/local_save/MathWorks/toolbox/matlab/imagesci/private/png.mexglx
adcd5000-ade19000 rwxp adcd5000 00:00 0 
ade19000-adeeb000 r-xp 00000000 fd:02 13041744   /work/local_save/MathWorks/bin/glnx86/libmwbuiltins.so
adeeb000-adef1000 rwxp 000d1000 fd:02 13041744   /work/local_save/MathWorks/bin/glnx86/libmwbuiltins.so
adef1000-ae0af000 rwxp adef1000 00:00 0 
ae0af000-ae0b2000 --xp ae0af000 00:00 0 
ae0b2000-ae183000 rwxp ae0b2000 00:00 0 
ae183000-ae200000 --xp ae183000 00:00 0 
ae205000-ae20a000 r-xp 00000000 fd:02 13041835   /work/local_save/MathWorks/bin/glnx86/libnativehg.so
ae20a000-ae20b000 rwxp 00004000 fd:02 13041835   /work/local_save/MathWorks/bin/glnx86/libnativehg.so
ae20f000-ae211000 rwxp ae20f000 00:00 0 
ae211000-ae212000 r-xp 00000000 fd:02 24658006   /work/Tools/Generator_M/SOSAGE_2/sobseqm4.mexglx
ae212000-ae213000 rwxp 00001000 fd:02 24658006   /work/Tools/Generator_M/SOSAGE_2/sobseqm4.mexglx
ae213000-ae228000 r-xp 00000000 fd:02 13058252   /work/local_save/MathWorks/sys/java/jre/glnx86/jre1.6.0/lib/i386/libdcpr.so
ae228000-ae23b000 rwxp 00014000 fd:02 13058252   /work/local_save/MathWorks/sys/java/jre/glnx86/jre1.6.0/lib/i386/libdcpr.so
ae23b000-ae242000 r-xs 00106000 fd:02 13058298   /work/local_save/MathWorks/sys/java/jre/glnx86/jre1.6.0/lib/resources.jar
ae242000-ae245000 rwxp ae242000 00:00 0 
ae245000-ae293000 rwxp ae245000 00:00 0 
ae293000-ae35b000 r-xp 00000000 fd:02 13041728   /work/local_save/MathWorks/bin/glnx86/libinstutil.so
ae35b000-ae364000 rwxp 000c7000 fd:02 13041728   /work/local_save/MathWorks/bin/glnx86/libinstutil.so
ae364000-ae365000 rwxp ae364000 00:00 0 
ae365000-ae3b9000 r-xp 00000000 fd:02 13058251   /work/local_save/MathWorks/sys/java/jre/glnx86/jre1.6.0/lib/i386/libcmm.so
ae3b9000-ae3bc000 rwxp 00054000 fd:02 13058251   /work/local_save/MathWorks/sys/java/jre/glnx86/jre1.6.0/lib/i386/libcmm.so
ae3bc000-ae3bf000 --xp ae3bc000 00:00 0 
ae3bf000-ae40d000 rwxp ae3bf000 00:00 0 
ae40d000-ae410000 --xp ae40d000 00:00 0 
ae410000-ae45e000 rwxp ae410000 00:00 0 
ae45e000-ae461000 --xp ae45e000 00:00 0 
ae461000-ae4af000 rwxp ae461000 00:00 0 
ae4af000-ae4b2000 --xp ae4af000 00:00 0 
ae4b2000-ae5ff000 rwxp ae4b2000 00:00 0 
ae5ff000-ae600000 --xp ae5ff000 00:00 0 
ae600000-ae601000 r-xp 00000000 fd:02 13058268   /work/local_save/MathWorks/sys/java/jre/glnx86/jre1.6.0/lib/i386/libjawt.so
ae601000-ae602000 rwxp 00000000 fd:02 13058268   /work/local_save/MathWorks/sys/java/jre/glnx86/jre1.6.0/lib/i386/libjawt.so
ae602000-ae607000 r-xp 00000000 fd:02 13041833   /work/local_save/MathWorks/bin/glnx86/libnativecmdwin.so
ae607000-ae608000 rwxp 00004000 fd:02 13041833   /work/local_save/MathWorks/bin/glnx86/libnativecmdwin.so
ae608000-ae60c000 rwxp ae608000 00:00 0 
ae60c000-ae60e000 r-xp 00000000 fd:02 13041841   /work/local_save/MathWorks/bin/glnx86/libnativelex.so
ae60e000-ae60f000 rwxp 00001000 fd:02 13041841   /work/local_save/MathWorks/bin/glnx86/libnativelex.so
ae60f000-ae611000 r-xs 00000000 08:01 1032591    /var/cache/fontconfig/87f5e051180a7a75f16eb6fe7dbd3749-x86.cache-2
ae611000-ae617000 r-xs 00000000 08:01 1032326    /var/cache/fontconfig/b79f3aaa7d385a141ab53ec885cc22a8-x86.cache-2
ae617000-ae618000 r-xs 00000000 08:01 1032623    /var/cache/fontconfig/9aee064518779d32bdaaa6cdefa68601-x86.cache-2
ae618000-ae620000 r-xs 00000000 08:01 1032622    /var/cache/fontconfig/3b4d7ef1f8dbe0905cfac2582974c59b-x86.cache-2
ae620000-ae62c000 r-xs 00000000 08:01 1032614    /var/cache/fontconfig/73a61b34dd8ca4d8a159807604ab432f-x86.cache-2
ae62c000-ae632000 r-xs 00000000 08:01 1032613    /var/cache/fontconfig/7ddba6133ef499da58de5e8c586d3b75-x86.cache-2
ae632000-ae63a000 r-xs 00000000 08:01 1032954    /var/cache/fontconfig/e19de935dec46bbf3ed114ee4965548a-x86.cache-2
ae63a000-ae63f000 r-xs 00000000 08:01 1032617    /var/cache/fontconfig/beeeeb3dfe132a8a0633a017c99ce0c0-x86.cache-2
ae63f000-ae641000 r-xp 00000000 fd:02 13041843   /work/local_save/MathWorks/bin/glnx86/libnativelmgr.so
ae641000-ae642000 rwxp 00001000 fd:02 13041843   /work/local_save/MathWorks/bin/glnx86/libnativelmgr.so
ae642000-ae644000 r-xs 00000000 08:01 1032591    /var/cache/fontconfig/87f5e051180a7a75f16eb6fe7dbd3749-x86.cache-2
ae644000-ae64a000 r-xs 00000000 08:01 1032326    /var/cache/fontconfig/b79f3aaa7d385a141ab53ec885cc22a8-x86.cache-2
ae64a000-ae652000 r-xs 00000000 08:01 1032622    /var/cache/fontconfig/3b4d7ef1f8dbe0905cfac2582974c59b-x86.cache-2
ae652000-ae65e000 r-xs 00000000 08:01 1032614    /var/cache/fontconfig/73a61b34dd8ca4d8a159807604ab432f-x86.cache-2
ae65e000-ae664000 r-xs 00000000 08:01 1032613    /var/cache/fontconfig/7ddba6133ef499da58de5e8c586d3b75-x86.cache-2
ae664000-ae667000 --xp ae664000 00:00 0 
ae667000-ae6b5000 rwxp ae667000 00:00 0 
ae6b5000-ae6b8000 --xp ae6b5000 00:00 0 
ae6b8000-ae706000 rwxp ae6b8000 00:00 0 
ae706000-ae784000 r-xp 00000000 fd:02 13058255   /work/local_save/MathWorks/sys/java/jre/glnx86/jre1.6.0/lib/i386/libfontmanager.so
ae784000-ae78e000 rwxp 0007e000 fd:02 13058255   /work/local_save/MathWorks/sys/java/jre/glnx86/jre1.6.0/lib/i386/libfontmanager.so
ae78e000-ae793000 rwxp ae78e000 00:00 0 
ae793000-ae859000 r-xp 00000000 fd:02 13058275   /work/local_save/MathWorks/sys/java/jre/glnx86/jre1.6.0/lib/i386/libmlib_image.so
ae859000-ae85a000 rwxp 000c5000 fd:02 13058275   /work/local_save/MathWorks/sys/java/jre/glnx86/jre1.6.0/lib/i386/libmlib_image.so
ae85a000-ae8d5000 r-xp 00000000 fd:02 13058250   /work/local_save/MathWorks/sys/java/jre/glnx86/jre1.6.0/lib/i386/libawt.so
ae8d5000-ae8dc000 rwxp 0007b000 fd:02 13058250   /work/local_save/MathWorks/sys/java/jre/glnx86/jre1.6.0/lib/i386/libawt.so
ae8dc000-aea00000 rwxp ae8dc000 00:00 0 
aea00000-aeafb000 rwxp aea00000 00:00 0 
aeafb000-aeb00000 --xp aeafb000 00:00 0 
aeb00000-aeb02000 r-xs 00000000 08:01 1032955    /var/cache/fontconfig/e3ead4b767b8819993a6fa3ae306afa9-x86.cache-2
aeb02000-aeb03000 r-xs 00000000 08:01 1032623    /var/cache/fontconfig/9aee064518779d32bdaaa6cdefa68601-x86.cache-2
aeb03000-aeb05000 r-xs 00000000 08:01 1032955    /var/cache/fontconfig/e3ead4b767b8819993a6fa3ae306afa9-x86.cache-2
aeb05000-aeb0d000 r-xs 00000000 08:01 1032954    /var/cache/fontconfig/e19de935dec46bbf3ed114ee4965548a-x86.cache-2
aeb0d000-aeb12000 r-xs 00000000 08:01 1032617    /var/cache/fontconfig/beeeeb3dfe132a8a0633a017c99ce0c0-x86.cache-2
aeb12000-aeb19000 r-xp 00000000 fd:02 13058279   /work/local_save/MathWorks/sys/java/jre/glnx86/jre1.6.0/lib/i386/libnio.so
aeb19000-aeb1a000 rwxp 00006000 fd:02 13058279   /work/local_save/MathWorks/sys/java/jre/glnx86/jre1.6.0/lib/i386/libnio.so
aeb1a000-aeb58000 r-xp 00000000 fd:02 13074442   /work/local_save/MathWorks/sys/java/jre/glnx86/jre1.6.0/lib/i386/xawt/libmawt.so
aeb58000-aeb5b000 rwxp 0003d000 fd:02 13074442   /work/local_save/MathWorks/sys/java/jre/glnx86/jre1.6.0/lib/i386/xawt/libmawt.so
aeb5b000-aeb5c000 r-xs 0000a000 fd:02 13091395   /work/local_save/MathWorks/java/jarext/saxon8-dom.jar
aeb5c000-aeb64000 r-xs 00084000 fd:02 13091393   /work/local_save/MathWorks/java/jarext/saxon.jar
aeb64000-aeb65000 r-xs 00004000 fd:02 13091392   /work/local_save/MathWorks/java/jarext/saaj.jar
aeb65000-aeb67000 r-xs 00018000 fd:02 13091391   /work/local_save/MathWorks/java/jarext/nekohtml.jar
aeb67000-aeb6a000 r-xs 00018000 fd:02 13091390   /work/local_save/MathWorks/java/jarext/mwucarunits.jar
aeb6a000-aeb70000 r-xs 000a7000 fd:02 13091389   /work/local_save/MathWorks/java/jarext/mail.jar
aeb70000-aeb78000 r-xs 0005b000 fd:02 13091388   /work/local_save/MathWorks/java/jarext/lucene-core-2.0.0.jar
aeb78000-aeb7a000 r-xs 0000d000 fd:02 13091387   /work/local_save/MathWorks/java/jarext/lucene-analyzers-2.0.0.jar
aeb7a000-aeb7b000 r-xs 00009000 fd:02 13091385   /work/local_save/MathWorks/java/jarext/jox116.jar
aeb7b000-aeb8e000 r-xs 000b4000 fd:02 13091384   /work/local_save/MathWorks/java/jarext/jide/jide-grids.jar
aeb8e000-aeb91000 r-xs 0000b000 fd:02 13091382   /work/local_save/MathWorks/java/jarext/jide/jide-dialogs.jar
aeb91000-aeb98000 r-xs 00038000 fd:02 13091381   /work/local_save/MathWorks/java/jarext/jide/jide-components.jar
aeb98000-aeb9e000 r-xs 0003c000 fd:02 13091383   /work/local_save/MathWorks/java/jarext/jide/jide-dock.jar
aeb9e000-aebb7000 r-xs 000ff000 fd:02 13091380   /work/local_save/MathWorks/java/jarext/jide/jide-common.jar
aebb7000-aebbc000 r-xs 00028000 fd:02 13091379   /work/local_save/MathWorks/java/jarext/jide/jide-action.jar
aebbc000-aebc4000 r-xs 00053000 fd:02 13091377   /work/local_save/MathWorks/java/jarext/jgoodies-looks.jar
aebc4000-aebc7000 r-xs 00013000 fd:02 13091376   /work/local_save/MathWorks/java/jarext/jgoodies-forms.jar
aebc7000-aebcc000 r-xs 0003c000 fd:02 13091375   /work/local_save/MathWorks/java/jarext/jfcunit.jar
aebcc000-aebfc000 r-xs 0016e000 fd:02 13091374   /work/local_save/MathWorks/java/jarext/jemmy.jar
aebfc000-aebfe000 r-xs 00006000 fd:02 13091371   /work/local_save/MathWorks/java/jarext/jaxrpc.jar
aebfe000-aec00000 r-xs 00006000 fd:02 13091370   /work/local_save/MathWorks/java/jarext/jakarta-regexp-1.2.jar
aec00000-aecfd000 rwxp aec00000 00:00 0 
aecfd000-aed00000 --xp aecfd000 00:00 0 
aed00000-aed13000 r-xp 00000000 fd:02 13058278   /work/local_save/MathWorks/sys/java/jre/glnx86/jre1.6.0/lib/i386/libnet.so
aed13000-aed14000 rwxp 00013000 fd:02 13058278   /work/local_save/MathWorks/sys/java/jre/glnx86/jre1.6.0/lib/i386/libnet.so
aed14000-aed19000 r-xp 00000000 08:01 382898     /usr/lib/libXtst.so.6.1.0
aed19000-aed1a000 rwxp 00004000 08:01 382898     /usr/lib/libXtst.so.6.1.0
aed1a000-aed1c000 r-xp 00000000 fd:02 13041847   /work/local_save/MathWorks/bin/glnx86/libnativeservices.so
aed1c000-aed1d000 rwxp 00001000 fd:02 13041847   /work/local_save/MathWorks/bin/glnx86/libnativeservices.so
aed1d000-aed34000 r-xs 00114000 fd:02 13091406   /work/local_save/MathWorks/java/jarext/xercesImpl.jar
aed34000-aed41000 r-xs 000d1000 fd:02 13091404   /work/local_save/MathWorks/java/jarext/xalan.jar
aed41000-aed44000 r-xs 0001c000 fd:02 13091403   /work/local_save/MathWorks/java/jarext/wsdl4j.jar
aed44000-aed50000 r-xs 00067000 fd:02 13091401   /work/local_save/MathWorks/java/jarext/webrenderer.jar
aed50000-aed52000 r-xs 00011000 fd:02 13091400   /work/local_save/MathWorks/java/jarext/vb20.jar
aed52000-aed57000 r-xs 00025000 fd:02 13091399   /work/local_save/MathWorks/java/jarext/spring-core.jar
aed57000-aed60000 r-xs 00051000 fd:02 13091398   /work/local_save/MathWorks/java/jarext/spring-beans.jar
aed60000-aed73000 r-xs 00324000 fd:02 13091397   /work/local_save/MathWorks/java/jarext/saxon8.jar
aed73000-aed75000 r-xs 0000e000 fd:02 13091368   /work/local_save/MathWorks/java/jarext/jakarta-oro-2.0.8.jar
aed75000-aed77000 r-xs 0000a000 fd:02 13091367   /work/local_save/MathWorks/java/jarext/jaccess-1_4.jar
aed77000-aed7a000 r-xs 00024000 fd:02 13091325   /work/local_save/MathWorks/java/jarext/J2PrinterWorks.jar
aed7a000-aed7e000 r-xs 00037000 fd:02 13091366   /work/local_save/MathWorks/java/jarext/ice/icessl.jar
aed7e000-aed7f000 r-xs 00000000 fd:02 13091365   /work/local_save/MathWorks/java/jarext/ice/ib6xalan.jar
aed7f000-aed82000 r-xs 00015000 fd:02 13091364   /work/local_save/MathWorks/java/jarext/ice/ib6util.jar
aed82000-aed84000 r-xs 0000e000 fd:02 13091363   /work/local_save/MathWorks/java/jarext/ice/ib6swing.jar
aed84000-aed88000 r-xs 00044000 fd:02 13091362   /work/local_save/MathWorks/java/jarext/ice/ib6js.jar
aed88000-aed89000 r-xs 00000000 fd:02 13091361   /work/local_save/MathWorks/java/jarext/ice/ib6https.jar
aed89000-aed8c000 r-xs 00016000 fd:02 13091360   /work/local_save/MathWorks/java/jarext/ice/ib6http.jar
aed8c000-aed8f000 r-xs 00011000 fd:02 13091359   /work/local_save/MathWorks/java/jarext/ice/ib6extra.jar
aed8f000-aed98000 r-xs 00081000 fd:02 13091358   /work/local_save/MathWorks/java/jarext/ice/ib6core.jar
aed98000-aeda8000 r-xs 000a7000 fd:02 13091355   /work/local_save/MathWorks/java/jarext/glazedlists_java15.jar
aeda8000-aedaa000 r-xs 0000a000 fd:02 13091354   /work/local_save/MathWorks/java/jarext/dtdparser121.jar
aedaa000-aedaf000 r-xs 00028000 fd:02 13091352   /work/local_save/MathWorks/java/jarext/commons-net-1.4.1.jar
aedaf000-aedb1000 r-xs 00008000 fd:02 13091350   /work/local_save/MathWorks/java/jarext/commons-logging.jar
aedb1000-aedb4000 r-xs 00012000 fd:02 13091348   /work/local_save/MathWorks/java/jarext/commons-io.jar
aedb4000-aedba000 r-xs 00045000 fd:02 13091347   /work/local_save/MathWorks/java/jarext/commons-httpclient.jar
aedba000-aedbd000 r-xs 00019000 fd:02 13091346   /work/local_save/MathWorks/java/jarext/commons-el.jar
aedbd000-aedc0000 r-xs 0000f000 fd:02 13091344   /work/local_save/MathWorks/java/jarext/commons-discovery.jar
aedc0000-aedc2000 r-xs 0000a000 fd:02 13091343   /work/local_save/MathWorks/java/jarext/commons-codec.jar
aedc2000-aedc4000 r-xs 0000d000 fd:02 13091342   /work/local_save/MathWorks/java/jarext/commapi/comm.jar
aedc4000-aedc7000 r-xs 0003d000 fd:02 13091340   /work/local_save/MathWorks/java/jarext/collections.jar
aedc7000-aedcc000 r-xs 00025000 fd:02 13091339   /work/local_save/MathWorks/java/jarext/batik-svggen.jar
aedcc000-aede0000 r-xs 0017b000 fd:02 13091337   /work/local_save/MathWorks/java/jarext/axis.jar
aede0000-aede3000 r-xs 0000d000 fd:02 13091335   /work/local_save/MathWorks/java/jarext/avalon.jar
aede3000-aedf2000 r-xs 000ee000 fd:02 13091330   /work/local_save/MathWorks/java/jarext/ant.jar
aedf2000-aedf4000 r-xs 00019000 fd:02 13091328   /work/local_save/MathWorks/java/jarext/activation.jar
aedf4000-aedf5000 r-xs 0000b000 fd:02 13091327   /work/local_save/MathWorks/java/jarext/access-bridge.jar
aedf5000-aedfd000 r-xs 00028000 fd:02 13091407   /work/local_save/MathWorks/java/jarext/xml-apis.jar
aedfd000-aee00000 r-xs 00023000 fd:02 13091372   /work/local_save/MathWorks/java/jarext/jdom.jar
aee00000-aeefe000 rwxp aee00000 00:00 0 
aeefe000-aef00000 --xp aeefe000 00:00 0 
aef00000-aef0e000 r-xs 000d1000 fd:02 13091326   /work/local_save/MathWorks/java/jarext/abbot.jar
aef0e000-aef0f000 r-xs 00003000 fd:02 13091323   /work/local_save/MathWorks/java/jar/xml.jar
aef0f000-aef15000 r-xs 00049000 fd:02 13091321   /work/local_save/MathWorks/java/jar/webintegration.jar
aef15000-aef18000 r-xs 00015000 fd:02 13091320   /work/local_save/MathWorks/java/jar/vrd.jar
aef18000-aef1d000 r-xs 00023000 fd:02 13091318   /work/local_save/MathWorks/java/jar/toolbox/timeseries.jar
aef1d000-aef23000 r-xs 00032000 fd:02 13091317   /work/local_save/MathWorks/java/jar/toolbox/testmeas.jar
aef23000-aef26000 r-xs 00018000 fd:02 13091316   /work/local_save/MathWorks/java/jar/toolbox/rptgencore.jar
aef26000-aef32000 r-xs 00068000 fd:02 13091315   /work/local_save/MathWorks/java/jar/toolbox/matlab/guide.jar
aef32000-aef34000 r-xs 00006000 fd:02 13091314   /work/local_save/MathWorks/java/jar/toolbox/matlab/audiovideo.jar
aef34000-aef47000 r-xs 00124000 fd:02 13091312   /work/local_save/MathWorks/java/jar/toolbox/instrument.jar
aef47000-aef48000 r-xs 00001000 fd:02 13092601   /work/local_save/MathWorks/java/jar/toolbox/images.jar
aef48000-aef4d000 r-xs 0001f000 fd:02 13092600   /work/local_save/MathWorks/java/jar/toolbox/dastudio.jar
aef4d000-aef56000 r-xs 0005d000 fd:02 13092602   /work/local_save/MathWorks/java/jar/toolbox/curvefit.jar
aef56000-aef5f000 r-xs 00048000 fd:02 13091311   /work/local_save/MathWorks/java/jar/toolbox/control.jar
aef5f000-aef62000 --xp aef5f000 00:00 0 
aef62000-aefb0000 rwxp aef62000 00:00 0 
aefb0000-aefc2000 r-xp 00000000 fd:02 13041839   /work/local_save/MathWorks/bin/glnx86/libnativejmi.so
aefc2000-aefc3000 rwxp 00012000 fd:02 13041839   /work/local_save/MathWorks/bin/glnx86/libnativejmi.so
aefc3000-aefc5000 r-xp 00000000 fd:02 13041837   /work/local_save/MathWorks/bin/glnx86/libnativejava.so
aefc5000-aefc6000 rwxp 00001000 fd:02 13041837   /work/local_save/MathWorks/bin/glnx86/libnativejava.so
aefc6000-aefc9000 r-xs 00017000 fd:02 13091308   /work/local_save/MathWorks/java/jar/services.jar
aefc9000-aefcb000 r-xs 00006000 fd:02 13091307   /work/local_save/MathWorks/java/jar/product.jar
aefcb000-aefe0000 r-xs 000bd000 fd:02 13091306   /work/local_save/MathWorks/java/jar/page.jar
aefe0000-aefe2000 r-xs 0000f000 fd:02 13091305   /work/local_save/MathWorks/java/jar/org/openide.jar
aefe2000-aeff9000 r-xs 0011a000 fd:02 13091304   /work/local_save/MathWorks/java/jar/org/netbeans.jar
aeff9000-af02b000 r-xs 001dd000 fd:02 13091300   /work/local_save/MathWorks/java/jar/mlwidgets.jar
af02b000-af055000 r-xs 001b6000 fd:02 13091297   /work/local_save/MathWorks/java/jar/mde.jar
af055000-af085000 rwxp af055000 00:00 0 
af085000-af200000 r-xs 027b2000 fd:02 13058299   /work/local_save/MathWorks/sys/java/jre/glnx86/jre1.6.0/lib/rt.jar
af200000-af300000 rwxp af200000 00:00 0 
af300000-af304000 r-xs 00017000 fd:02 13091386   /work/local_save/MathWorks/java/jarext/junit.jar
af304000-af312000 r-xs 000b3000 fd:02 13091302   /work/local_save/MathWorks/java/jar/mwt.jar
af312000-af32f000 r-xs 0014a000 fd:02 13091301   /work/local_save/MathWorks/java/jar/mwswing.jar
af32f000-af333000 r-xs 00028000 fd:02 13091299   /work/local_save/MathWorks/java/jar/mlwebservices.jar
af333000-af339000 r-xs 00033000 fd:02 13091296   /work/local_save/MathWorks/java/jar/jmi.jar
af339000-af33d000 r-xs 0002e000 fd:02 13091295   /work/local_save/MathWorks/java/jar/instwiz.jar
af33d000-af33f000 r-xs 00007000 fd:02 13091294   /work/local_save/MathWorks/java/jar/instutil.jar
af33f000-af345000 r-xs 00055000 fd:02 13091293   /work/local_save/MathWorks/java/jar/installer.jar
af345000-af34a000 r-xs 0003f000 fd:02 13091292   /work/local_save/MathWorks/java/jar/ide.jar
af34a000-af351000 r-xs 000a2000 fd:02 13091291   /work/local_save/MathWorks/java/jar/ice.jar
af351000-af366000 r-xs 000c9000 fd:02 13091290   /work/local_save/MathWorks/java/jar/hg.jar
af366000-af368000 r-xs 00007000 fd:02 13091289   /work/local_save/MathWorks/java/jar/fatalexit.jar
af368000-af36e000 r-xs 00064000 fd:02 13091288   /work/local_save/MathWorks/java/jar/common.jar
af36e000-af372000 r-xs 00017000 fd:02 13091287   /work/local_save/MathWorks/java/jar/beans.jar
af372000-af37a000 r-xs 00055000 fd:02 13091286   /work/local_save/MathWorks/java/jar/bde.jar
af37a000-af382000 r-xs 0003b000 fd:02 13091285   /work/local_save/MathWorks/java/jar/activationclient.jar
af382000-af386000 r-xs 0002f000 fd:02 13091284   /work/local_save/MathWorks/java/jar/activation.jar
af386000-af39e000 r-xs 000f0000 fd:02 13091322   /work/local_save/MathWorks/java/jar/widgets.jar
af39e000-af39f000 --xp af39e000 00:00 0 
af39f000-af41f000 rwxp af39f000 00:00 0 
af41f000-af422000 --xp af41f000 00:00 0 
af422000-af470000 rwxp af422000 00:00 0 
af470000-af473000 --xp af470000 00:00 0 
af473000-af4f1000 rwxp af473000 00:00 0 
af4f1000-af4f4000 --xp af4f1000 00:00 0 
af4f4000-af542000 rwxp af4f4000 00:00 0 
af542000-af545000 --xp af542000 00:00 0 
af545000-af593000 rwxp af545000 00:00 0 
af593000-af596000 --xp af593000 00:00 0 
af596000-af5e4000 rwxp af596000 00:00 0 
af5e4000-af5e5000 --xp af5e4000 00:00 0 
af5e5000-af679000 rwxp af5e5000 00:00 0 
af679000-af692000 rwxp af679000 00:00 0 
af692000-af69a000 rwxp af692000 00:00 0 
af69a000-af6a2000 rwxp af69a000 00:00 0 
af6a2000-af6ba000 rwxp af6a2000 00:00 0 
af6ba000-af6d2000 rwxp af6ba000 00:00 0 
af6d2000-af6da000 rwxp af6d2000 00:00 0 
af6da000-af6f2000 rwxp af6da000 00:00 0 
af6f2000-af708000 rwxp af6f2000 00:00 0 
af708000-af77d000 rwxp af708000 00:00 0 
af77d000-afa1d000 rwxp af77d000 00:00 0 
afa1d000-b177d000 rwxp afa1d000 00:00 0 
b177d000-b17a0000 r-xp 00000000 fd:02 13058263   /work/local_save/MathWorks/sys/java/jre/glnx86/jre1.6.0/lib/i386/libjava.so
b17a0000-b17a2000 rwxp 00023000 fd:02 13058263   /work/local_save/MathWorks/sys/java/jre/glnx86/jre1.6.0/lib/i386/libjava.so
b17a2000-b184b000 rwxp b17a2000 00:00 0 
b184b000-b184c000 r-xs 00009000 fd:02 13091396   /work/local_save/MathWorks/java/jarext/saxon8-xpath.jar
b184c000-b184d000 r-xs 00005000 fd:02 13091309   /work/local_save/MathWorks/java/jar/timer.jar
b184d000-b1866000 rwxp b184d000 00:00 0 
b1866000-b187e000 rwxp b1866000 00:00 0 
b187e000-b18be000 rwxp b187e000 00:00 0 
b18be000-b18d1000 r-xp 00000000 08:01 237065     /lib/libnsl-2.5.so
b18d1000-b18d2000 r-xp 00012000 08:01 237065     /lib/libnsl-2.5.so
b18d2000-b18d3000 rwxp 00013000 08:01 237065     /lib/libnsl-2.5.so
b18d3000-b18d5000 rwxp b18d3000 00:00 0 
b18d5000-b18d6000 --xp b18d5000 00:00 0 
b18d6000-b22d6000 rwxp b18d6000 00:00 0 
b22d6000-b22d7000 --xp b22d6000 00:00 0 
b22d7000-b2cd7000 rwxp b22d7000 00:00 0 
b2cd7000-b2ce0000 r-xp 00000000 08:01 229485     /lib/libnss_files-2.5.so
b2ce0000-b2ce1000 r-xp 00008000 08:01 229485     /lib/libnss_files-2.5.so
b2ce1000-b2ce2000 rwxp 00009000 08:01 229485     /lib/libnss_files-2.5.so
b2ce2000-b2ce5000 r-xs 0000d000 fd:02 13091298   /work/local_save/MathWorks/java/jar/mlservices.jar
b2ce5000-b2cf4000 r-xp 00000000 fd:02 13058285   /work/local_save/MathWorks/sys/java/jre/glnx86/jre1.6.0/lib/i386/libzip.so
b2cf4000-b2cf6000 rwxp 0000e000 fd:02 13058285   /work/local_save/MathWorks/sys/java/jre/glnx86/jre1.6.0/lib/i386/libzip.so
b2cf6000-b2cfe000 rwxs 00000000 08:01 589840     /tmp/hsperfdata_piot/9210
b2cfe000-b2d01000 --xp b2cfe000 00:00 0 
b2d01000-b3881000 rwxp b2d01000 00:00 0 
b3881000-b3974000 r-xp 00000000 fd:02 13041706   /work/local_save/MathWorks/bin/glnx86/libfftw3f.so.3.1.1
b3974000-b397a000 rwxp 000f3000 fd:02 13041706   /work/local_save/MathWorks/bin/glnx86/libfftw3f.so.3.1.1
b397a000-b3a1d000 r-xp 00000000 fd:02 13041703   /work/local_save/MathWorks/bin/glnx86/libfftw3.so.3.1.1
b3a1d000-b3a21000 rwxp 000a2000 fd:02 13041703   /work/local_save/MathWorks/bin/glnx86/libfftw3.so.3.1.1
b3a21000-b3a69000 r-xp 00000000 fd:02 13041717   /work/local_save/MathWorks/bin/glnx86/libguide.so
b3a69000-b3a6d000 rwxp 00047000 fd:02 13041717   /work/local_save/MathWorks/bin/glnx86/libguide.so
b3a6d000-b3a73000 rwxp b3a6d000 00:00 0 
b3a73000-b4383000 r-xp 00000000 fd:02 13041869   /work/local_save/MathWorks/bin/glnx86/mkl.so
b4383000-b43a5000 rwxp 0090f000 fd:02 13041869   /work/local_save/MathWorks/bin/glnx86/mkl.so
b43a5000-b43b4000 rwxp b43a5000 00:00 0 
b43b4000-b47bb000 r-xp 00000000 fd:02 13041873   /work/local_save/MathWorks/bin/glnx86/mllapack.so
b47bb000-b47bd000 rwxp 00407000 fd:02 13041873   /work/local_save/MathWorks/bin/glnx86/mllapack.so
b47bd000-b48ca000 rwxp b47bd000 00:00 0 
b48ca000-b48d1000 r-xs 00000000 08:01 476488     /usr/lib/gconv/gconv-modules.cache
b48d1000-b4b57000 rwxp b48d1000 00:00 0 
b4b57000-b4d57000 r-xp 00000000 08:01 388050     /usr/lib/locale/locale-archive
b4d57000-b5706000 r-xs 00000000 fd:02 13041681   /work/local_save/MathWorks/bin/glnx86/icudt36l.dat
b5706000-b570a000 rwxp b5706000 00:00 0 
b570a000-b577c000 r-xp 00000000 fd:02 13075029   /work/local_save/MathWorks/sys/os/glnx86/libgfortran.so.1.0.0
b577c000-b577d000 rwxp 00072000 fd:02 13075029   /work/local_save/MathWorks/sys/os/glnx86/libgfortran.so.1.0.0
b577d000-b5783000 r-xp 00000000 fd:02 13041738   /work/local_save/MathWorks/bin/glnx86/libmwbinder.so
b5783000-b5784000 rwxp 00005000 fd:02 13041738   /work/local_save/MathWorks/bin/glnx86/libmwbinder.so
b5784000-b5786000 rwxp b5784000 00:00 0 
b5786000-b582c000 r-xp 00000000 fd:02 13041826   /work/local_save/MathWorks/bin/glnx86/libmwumfpack.so
b582c000-b582d000 rwxp 000a5000 fd:02 13041826   /work/local_save/MathWorks/bin/glnx86/libmwumfpack.so
b582d000-b585b000 r-xp 00000000 fd:02 13041813   /work/local_save/MathWorks/bin/glnx86/libmwrookfastbp.so
b585b000-b585c000 rwxp 0002d000 fd:02 13041813   /work/local_save/MathWorks/bin/glnx86/libmwrookfastbp.so
b585c000-b5881000 r-xp 00000000 fd:02 13041787   /work/local_save/MathWorks/bin/glnx86/libmwma57.so
b5881000-b5882000 rwxp 00024000 fd:02 13041787   /work/local_save/MathWorks/bin/glnx86/libmwma57.so
b5882000-b588c000 r-xp 00000000 fd:02 13041750   /work/local_save/MathWorks/bin/glnx86/libmwcsparse.so
b588c000-b588d000 rwxp 00009000 fd:02 13041750   /work/local_save/MathWorks/bin/glnx86/libmwcsparse.so
b588d000-b588e000 rwxp b588d000 00:00 0 
b588e000-b5894000 r-xp 00000000 fd:02 13041749   /work/local_save/MathWorks/bin/glnx86/libmwcolamd.so
b5894000-b5895000 rwxp 00005000 fd:02 13041749   /work/local_save/MathWorks/bin/glnx86/libmwcolamd.so
b5895000-b590d000 r-xp 00000000 fd:02 13041746   /work/local_save/MathWorks/bin/glnx86/libmwcholmod.so
b590d000-b590e000 rwxp 00077000 fd:02 13041746   /work/local_save/MathWorks/bin/glnx86/libmwcholmod.so
b590e000-b5915000 r-xp 00000000 fd:02 13041736   /work/local_save/MathWorks/bin/glnx86/libmwamd.so
b5915000-b5916000 rwxp 00006000 fd:02 13041736   /work/local_save/MathWorks/bin/glnx86/libmwamd.so
b5916000-b591a000 r-xp 00000000 fd:02 13041753   /work/local_save/MathWorks/bin/glnx86/libmwfftw.so
b591a000-b591b000 rwxp 00003000 fd:02 13041753   /work/local_save/MathWorks/bin/glnx86/libmwfftw.so
b591b000-b591c000 rwxp b591b000 00:00 0 
b591c000-b594c000 r-xp 00000000 fd:02 13041773   /work/local_save/MathWorks/bin/glnx86/libmwlapack.so
b594c000-b594f000 rwxp 0002f000 fd:02 13041773   /work/local_save/MathWorks/bin/glnx86/libmwlapack.so
b594f000-b5956000 r-xp 00000000 fd:02 13041740   /work/local_save/MathWorks/bin/glnx86/libmwblas.so
b5956000-b5957000 rwxp 00006000 fd:02 13041740   /work/local_save/MathWorks/bin/glnx86/libmwblas.so
b5957000-b5958000 rwxp b5957000 00:00 0 
b5958000-b59c2000 r-xp 00000000 fd:02 13041827   /work/local_save/MathWorks/bin/glnx86/libmwxmlcore.so
b59c2000-b59c7000 rwxp 00069000 fd:02 13041827   /work/local_save/MathWorks/bin/glnx86/libmwxmlcore.so
b59c7000-b59c8000 rwxp b59c7000 00:00 0 
b59c8000-b5c15000 r-xp 00000000 fd:02 13075026   /work/local_save/MathWorks/sys/os/glnx86/libXm.so.3.0.2
b5c15000-b5c2e000 rwxp 0024c000 fd:02 13075026   /work/local_save/MathWorks/sys/os/glnx86/libXm.so.3.0.2
b5c2e000-b5c2f000 rwxp b5c2e000 00:00 0 
b5c2f000-b5eae000 r-xp 00000000 fd:02 13041808   /work/local_save/MathWorks/bin/glnx86/libmwnumerics.so
b5eae000-b5eb2000 rwxp 0027e000 fd:02 13041808   /work/local_save/MathWorks/bin/glnx86/libmwnumerics.so
b5eb2000-b5ede000 r-xp 00000000 fd:02 13041759   /work/local_save/MathWorks/bin/glnx86/libmwhardcopy.so
b5ede000-b5ee0000 rwxp 0002b000 fd:02 13041759   /work/local_save/MathWorks/bin/glnx86/libmwhardcopy.so
b5ee0000-b600b000 r-xp 00000000 fd:02 13041719   /work/local_save/MathWorks/bin/glnx86/libhdf5.so.0.0.0
b600b000-b600f000 rwxp 0012a000 fd:02 13041719   /work/local_save/MathWorks/bin/glnx86/libhdf5.so.0.0.0
b600f000-b6010000 rwxp b600f000 00:00 0 
b6010000-b601c000 r-xp 00000000 fd:02 13041769   /work/local_save/MathWorks/bin/glnx86/libmwir_xfmr.so
b601c000-b601d000 rwxp 0000b000 fd:02 13041769   /work/local_save/MathWorks/bin/glnx86/libmwir_xfmr.so
b601d000-b6028000 r-xp 00000000 fd:02 13041692   /work/local_save/MathWorks/bin/glnx86/libboost_thread-gcc41-mt-1_34_1.so.1.34.1
b6028000-b6029000 rwxp 0000a000 fd:02 13041692   /work/local_save/MathWorks/bin/glnx86/libboost_thread-gcc41-mt-1_34_1.so.1.34.1
b6029000-b602a000 rwxp b6029000 00:00 0 
b602a000-b6041000 r-xp 00000000 fd:02 13041783   /work/local_save/MathWorks/bin/glnx86/libmwm_pcodegen.so
b6041000-b6042000 rwxp 00017000 fd:02 13041783   /work/local_save/MathWorks/bin/glnx86/libmwm_pcodegen.so
b6042000-b6048000 r-xp 00000000 fd:02 13041806   /work/local_save/MathWorks/bin/glnx86/libmwmtok.so
b6048000-b6049000 rwxp 00005000 fd:02 13041806   /work/local_save/MathWorks/bin/glnx86/libmwmtok.so
b6049000-b605c000 r-xp 00000000 fd:02 13041785   /work/local_save/MathWorks/bin/glnx86/libmwm_pcodeio.so
b605c000-b605d000 rwxp 00012000 fd:02 13041785   /work/local_save/MathWorks/bin/glnx86/libmwm_pcodeio.so
b605d000-b6066000 r-xp 00000000 fd:02 13041798   /work/local_save/MathWorks/bin/glnx86/libmwmlib.so
b6066000-b6067000 rwxp 00009000 fd:02 13041798   /work/local_save/MathWorks/bin/glnx86/libmwmlib.so
b6067000-b606d000 r-xp 00000000 fd:02 13041790   /work/local_save/MathWorks/bin/glnx86/libmwmathrng.so
b606d000-b606e000 rwxp 00006000 fd:02 13041790   /work/local_save/MathWorks/bin/glnx86/libmwmathrng.so
b606e000-b606f000 rwxp b606e000 00:00 0 
b606f000-b6094000 r-xp 00000000 fd:02 13041810   /work/local_save/MathWorks/bin/glnx86/libmwprofiler.so
b6094000-b6095000 rwxp 00025000 fd:02 13041810   /work/local_save/MathWorks/bin/glnx86/libmwprofiler.so
b6095000-b642a000 r-xp 00000000 fd:02 13041863   /work/local_save/MathWorks/bin/glnx86/libxerces-c.so.27.0
b642a000-b645d000 rwxp 00394000 fd:02 13041863   /work/local_save/MathWorks/bin/glnx86/libxerces-c.so.27.0
b645d000-b6471000 r-xp 00000000 fd:02 13041751   /work/local_save/MathWorks/bin/glnx86/libmwdatasvcs.so
b6471000-b6472000 rwxp 00014000 fd:02 13041751   /work/local_save/MathWorks/bin/glnx86/libmwdatasvcs.so
b6472000-b65c4000 r-xp 00000000 fd:02 13041824   /work/local_save/MathWorks/bin/glnx86/libmwuix.so
b65c4000-b65d3000 rwxp 00151000 fd:02 13041824   /work/local_save/MathWorks/bin/glnx86/libmwuix.so
b65d3000-b65d9000 rwxp b65d3000 00:00 0 
b65d9000-b6617000 r-xp 00000000 fd:02 13041779   /work/local_save/MathWorks/bin/glnx86/libmwm_ir.so
b6617000-b661c000 rwxp 0003e000 fd:02 13041779   /work/local_save/MathWorks/bin/glnx86/libmwm_ir.so
b661c000-b6620000 r-xp 00000000 fd:02 13041822   /work/local_save/MathWorks/bin/glnx86/libmwuinone.so
b6620000-b6621000 rwxp 00004000 fd:02 13041822   /work/local_save/MathWorks/bin/glnx86/libmwuinone.so
b6621000-b668a000 r-xp 00000000 fd:02 13041820   /work/local_save/MathWorks/bin/glnx86/libmwudd_mi.so
b668a000-b6690000 rwxp 00068000 fd:02 13041820   /work/local_save/MathWorks/bin/glnx86/libmwudd_mi.so
b6690000-b66cf000 r-xp 00000000 fd:02 13041858   /work/local_save/MathWorks/bin/glnx86/libuij.so
b66cf000-b66d0000 rwxp 0003e000 fd:02 13041858   /work/local_save/MathWorks/bin/glnx86/libuij.so
b66d0000-b66d1000 rwxp b66d0000 00:00 0 
b66d1000-b68b5000 r-xp 00000000 fd:02 13041761   /work/local_save/MathWorks/bin/glnx86/libmwhg.so
b68b5000-b68d7000 rwxp 001e3000 fd:02 13041761   /work/local_save/MathWorks/bin/glnx86/libmwhg.so
b68d7000-b68dd000 rwxp b68d7000 00:00 0 
b68dd000-b69be000 r-xp 00000000 fd:02 13041757   /work/local_save/MathWorks/bin/glnx86/libmwgui.so
b69be000-b69f6000 rwxp 000e1000 fd:02 13041757   /work/local_save/MathWorks/bin/glnx86/libmwgui.so
b69f6000-b6b81000 r-xp 00000000 fd:02 13041794   /work/local_save/MathWorks/bin/glnx86/libmwmcos.so
b6b81000-b6b91000 rwxp 0018a000 fd:02 13041794   /work/local_save/MathWorks/bin/glnx86/libmwmcos.so
b6b91000-b6bb0000 r-xp 00000000 fd:02 13041729   /work/local_save/MathWorks/bin/glnx86/libmat.so
b6bb0000-b6bb1000 rwxp 0001f000 fd:02 13041729   /work/local_save/MathWorks/bin/glnx86/libmat.so
b6bb1000-b6c46000 r-xp 00000000 fd:02 13041818   /work/local_save/MathWorks/bin/glnx86/libmwudd.so
b6c46000-b6c51000 rwxp 00095000 fd:02 13041818   /work/local_save/MathWorks/bin/glnx86/libmwudd.so
b6c51000-b6c55000 rwxp b6c51000 00:00 0 
b6c55000-b6ddd000 r-xp 00000000 fd:02 13041781   /work/local_save/MathWorks/bin/glnx86/libmwm_parser.so
b6ddd000-b71c4000 rwxp 00187000 fd:02 13041781   /work/local_save/MathWorks/bin/glnx86/libmwm_parser.so
b71c4000-b71d2000 r-xp 00000000 fd:02 13041731   /work/local_save/MathWorks/bin/glnx86/libmex.so
b71d2000-b71d3000 rwxp 0000d000 fd:02 13041731   /work/local_save/MathWorks/bin/glnx86/libmex.so
b71d3000-b71e9000 r-xp 00000000 fd:02 13041765   /work/local_save/MathWorks/bin/glnx86/libmwiqm.so
b71e9000-b71ea000 rwxp 00016000 fd:02 13041765   /work/local_save/MathWorks/bin/glnx86/libmwiqm.so
b71ea000-b71eb000 rwxp b71ea000 00:00 0 
b71eb000-b71f9000 r-xp 00000000 fd:02 13041802   /work/local_save/MathWorks/bin/glnx86/libmwmlutil.so
b71f9000-b71fa000 rwxp 0000d000 fd:02 13041802   /work/local_save/MathWorks/bin/glnx86/libmwmlutil.so
b71fa000-b7282000 r-xp 00000000 fd:02 13041792   /work/local_save/MathWorks/bin/glnx86/libmwmathutil.so
b7282000-b7283000 rwxp 00088000 fd:02 13041792   /work/local_save/MathWorks/bin/glnx86/libmwmathutil.so
b7283000-b728e000 r-xp 00000000 fd:02 13041684   /work/local_save/MathWorks/bin/glnx86/libboost_filesystem-gcc41-mt-1_34_1.so.1.34.1
b728e000-b728f000 rwxp 0000a000 fd:02 13041684   /work/local_save/MathWorks/bin/glnx86/libboost_filesystem-gcc41-mt-1_34_1.so.1.34.1
b728f000-b72a2000 r-xp 00000000 fd:02 13041867   /work/local_save/MathWorks/bin/glnx86/libz.so.1.2.3
b72a2000-b72a3000 rwxp 00012000 fd:02 13041867   /work/local_save/MathWorks/bin/glnx86/libz.so.1.2.3
b72a3000-b72a4000 rwxp b72a3000 00:00 0 
b72a4000-b72ad000 r-xp 00000000 fd:02 13041725   /work/local_save/MathWorks/bin/glnx86/libicuio.so.36.0
b72ad000-b72ae000 rwxp 00009000 fd:02 13041725   /work/local_save/MathWorks/bin/glnx86/libicuio.so.36.0
b72ae000-b73d7000 r-xp 00000000 fd:02 13041723   /work/local_save/MathWorks/bin/glnx86/libicui18n.so.36.0
b73d7000-b73dd000 rwxp 00128000 fd:02 13041723   /work/local_save/MathWorks/bin/glnx86/libicui18n.so.36.0
b73dd000-b74f0000 r-xp 00000000 fd:02 13041727   /work/local_save/MathWorks/bin/glnx86/libicuuc.so.36.0
b74f0000-b74f7000 rwxp 00113000 fd:02 13041727   /work/local_save/MathWorks/bin/glnx86/libicuuc.so.36.0
b74f7000-b74f9000 rwxp b74f7000 00:00 0 
b74f9000-b74fa000 r-xp 00000000 fd:02 13041721   /work/local_save/MathWorks/bin/glnx86/libicudata.so.36.0
b74fa000-b74fb000 rwxp 00000000 fd:02 13041721   /work/local_save/MathWorks/bin/glnx86/libicudata.so.36.0
b74fb000-b74fc000 rwxp b74fb000 00:00 0 
b74fc000-b7523000 r-xp 00000000 fd:02 13041700   /work/local_save/MathWorks/bin/glnx86/libexpat.so.1.5.0
b7523000-b7525000 rwxp 00026000 fd:02 13041700   /work/local_save/MathWorks/bin/glnx86/libexpat.so.1.5.0
b7525000-b7526000 rwxp b7525000 00:00 0 
b7526000-b7530000 r-xp 00000000 fd:02 13075027   /work/local_save/MathWorks/sys/os/glnx86/libgcc_s.so.1
b7530000-b7531000 rwxp 00009000 fd:02 13075027   /work/local_save/MathWorks/sys/os/glnx86/libgcc_s.so.1
b7531000-b7535000 r-xs 00026000 fd:02 13091319   /work/local_save/MathWorks/java/jar/util.jar
b7535000-b753b000 r-xp 00000000 fd:02 13074436   /work/local_save/MathWorks/sys/java/jre/glnx86/jre1.6.0/lib/i386/native_threads/libhpi.so
b753b000-b753c000 rwxp 00006000 fd:02 13074436   /work/local_save/MathWorks/sys/java/jre/glnx86/jre1.6.0/lib/i386/native_threads/libhpi.so
b753c000-b753d000 rwxp b753c000 00:00 0 
b753d000-b753e000 --xp b753d000 00:00 0 
b753e000-b7549000 r-xp 00000000 fd:02 13058284   /work/local_save/MathWorks/sys/java/jre/glnx86/jre1.6.0/lib/i386/libverify.so
b7549000-b754a000 rwxp 0000b000 fd:02 13058284   /work/local_save/MathWorks/sys/java/jre/glnx86/jre1.6.0/lib/i386/libverify.so
b754a000-b754c000 r-xp 00000000 fd:02 13041870   /work/local_save/MathWorks/bin/glnx86/mklcompat.so
b754c000-b754d000 rwxp 00001000 fd:02 13041870   /work/local_save/MathWorks/bin/glnx86/mklcompat.so
b754d000-b7620000 r-xp 00000000 fd:02 13075038   /work/local_save/MathWorks/sys/os/glnx86/libstdc++.so.6.0.8
b7620000-b7624000 r-xp 000d2000 fd:02 13075038   /work/local_save/MathWorks/sys/os/glnx86/libstdc++.so.6.0.8
b7624000-b7625000 rwxp 000d6000 fd:02 13075038   /work/local_save/MathWorks/sys/os/glnx86/libstdc++.so.6.0.8
b7625000-b762b000 rwxp b7625000 00:00 0 
b762b000-b7aad000 r-xp 00000000 fd:02 13041777   /work/local_save/MathWorks/bin/glnx86/libmwm_interpreter.so
b7aad000-b7b32000 rwxp 00482000 fd:02 13041777   /work/local_save/MathWorks/bin/glnx86/libmwm_interpreter.so
b7b32000-b7b9d000 rwxp b7b32000 00:00 0 
b7b9d000-b7bf1000 r-xp 00000000 fd:02 13041775   /work/local_save/MathWorks/bin/glnx86/libmwm_dispatcher.so
b7bf1000-b7bf4000 rwxp 00053000 fd:02 13041775   /work/local_save/MathWorks/bin/glnx86/libmwm_dispatcher.so
b7bf4000-b7bf5000 rwxp b7bf4000 00:00 0 
b7bf5000-b7c27000 r-xp 00000000 fd:02 13041796   /work/local_save/MathWorks/bin/glnx86/libmwmcr.so
b7c27000-b7c29000 rwxp 00031000 fd:02 13041796   /work/local_save/MathWorks/bin/glnx86/libmwmcr.so
b7c29000-b7c2e000 rwxp b7c29000 00:00 0 
b7c2e000-b7c46000 r-xp 00000000 fd:02 13041742   /work/local_save/MathWorks/bin/glnx86/libmwbridge.so
b7c46000-b7c49000 rwxp 00018000 fd:02 13041742   /work/local_save/MathWorks/bin/glnx86/libmwbridge.so
b7c49000-b7c4f000 rwxp b7c49000 00:00 0 
b7c4f000-b7c90000 r-xp 00000000 fd:02 13041771   /work/local_save/MathWorks/bin/glnx86/libmwjmi.so
b7c90000-b7c93000 rwxp 00041000 fd:02 13041771   /work/local_save/MathWorks/bin/glnx86/libmwjmi.so
b7c93000-b7dbd000 r-xp 00000000 fd:02 13041814   /work/local_save/MathWorks/bin/glnx86/libmwservices.so
b7dbd000-b7dc8000 rwxp 0012a000 fd:02 13041814   /work/local_save/MathWorks/bin/glnx86/libmwservices.so
b7dc8000-b7dd8000 rwxp b7dc8000 00:00 0 
b7dd8000-b7e09000 r-xp 00000000 fd:02 13041804   /work/local_save/MathWorks/bin/glnx86/libmwmpath.so
b7e09000-b7e0b000 rwxp 00031000 fd:02 13041804   /work/local_save/MathWorks/bin/glnx86/libmwmpath.so
b7e0b000-b7e0e000 rwxp b7e0b000 00:00 0 
b7e0e000-b7e70000 r-xp 00000000 fd:02 13041831   /work/local_save/MathWorks/bin/glnx86/libmx.so
b7e70000-b7e72000 rwxp 00061000 fd:02 13041831   /work/local_save/MathWorks/bin/glnx86/libmx.so
b7e72000-b7f2a000 r-xp 00000000 fd:02 13041860   /work/local_save/MathWorks/bin/glnx86/libut.so
b7f2a000-b7f30000 rwxp 000b7000 fd:02 13041860   /work/local_save/MathWorks/bin/glnx86/libut.so
b7f30000-b7f62000 rwxp b7f30000 00:00 0 
b7f62000-b7f63000 r-xp b7f62000 00:00 0          [vdso]
bfb03000-bfb17000 rwxp bfb03000 00:00 0          [stack]
bfb17000-bfb1a000 rw-p bfb17000 00:00 0 

VM Arguments:
jvm_args: -Xms64m -XX:NewRatio=3 -XX:MaxPermSize=64M -Xmx128m -XX:MaxDirectMemorySize=1200000000 -Djava.util.prefs.PreferencesFactory=com.mathworks.util.DisabledPreferencesFactory -XX:+AllowUserSignalHandlers -Xrs -Djava.library.path=/work/local_save/MathWorks/bin/glnx86 vfprintf abort -Dfile.encoding=UTF-8
java_command: <unknown>
Launcher Type: generic

Environment Variables:
PATH=/opt/contrib/piot/Pelegant/epics/base/bin/linux-x86/:/opt/contrib/piot/Pelegant/epics/extensions/bin/linux-x86/:/opt/contrib/piot/Pelegant/oag/apps/bin/linux-x86/:/opt/intel_fc_90/bin:/opt/contrib/piot/Pelegant/epics/base/bin/linux-x86/:/opt/contrib/piot/Pelegant/epics/extensions/bin/linux-x86/:/opt/contrib/piot/Pelegant/oag/apps/bin/linux-x86/:/opt/intel_fc_90/bin:/opt/contrib/piot/Pelegant/epics/base/bin/linux-x86/:/opt/contrib/piot/Pelegant/epics/extensions/bin/linux-x86/:/opt/contrib/piot/Pelegant/oag/apps/bin/linux-x86/:/opt/intel_fc_90/bin:/usr/lib/qt-3.3/bin:/usr/kerberos/bin:/usr/local/bin:/usr/bin:/bin:/usr/X11R6/bin
USERNAME=piot
LD_LIBRARY_PATH=/work/local_save/MathWorks/sys/os/glnx86:/work/local_save/MathWorks/bin/glnx86:/work/local_save/MathWorks/extern/lib/glnx86:/work/local_save/MathWorks/sys/java/jre/glnx86/jre1.6.0/lib/i386/native_threads:/work/local_save/MathWorks/sys/java/jre/glnx86/jre1.6.0/lib/i386/client:/work/local_save/MathWorks/sys/java/jre/glnx86/jre1.6.0/lib/i386:/opt/contrib/piot/Pelegant/lib_FC2/:/opt/intel_fc_90/lib:/opt/contrib/piot/Pelegant/lib_FC2/:/opt/intel_fc_90/lib:/opt/contrib/piot/Pelegant/lib_FC2/:/opt/intel_fc_90/lib
SHELL=/bin/tcsh
DISPLAY=:0.0
HOSTTYPE=i386-linux
OSTYPE=linux
ARCH=glnx86
MACHTYPE=i386

Signal Handlers:
SIGSEGV: [libjvm.so+0x3aeee0], sa_mask[0]=0x7ffbfeff, sa_flags=0x00000004
SIGBUS: [libjvm.so+0x3aeee0], sa_mask[0]=0x7ffbfeff, sa_flags=0x00000004
SIGFPE: [libmwmcr.so+0x2a3e8], sa_mask[0]=0x08080002, sa_flags=0x00000004
SIGPIPE: [libjvm.so+0x305260], sa_mask[0]=0x7ffbfeff, sa_flags=0x10000004
SIGILL: [libmwmcr.so+0x2a3e8], sa_mask[0]=0x08080002, sa_flags=0x00000004
SIGUSR1: SIG_DFL, sa_mask[0]=0x00000000, sa_flags=0x00000000
SIGUSR2: [libjvm.so+0x307270], sa_mask[0]=0x08080002, sa_flags=0x10000004
SIGHUP: SIG_DFL, sa_mask[0]=0x00000000, sa_flags=0x00000000
SIGINT: [libmwmcr.so+0x2ab00], sa_mask[0]=0x08080002, sa_flags=0x00000004
SIGQUIT: [libmwmcr.so+0x2a3e8], sa_mask[0]=0x08080002, sa_flags=0x00000004
SIGTERM: SIG_DFL, sa_mask[0]=0x00000000, sa_flags=0x00000000
SIGUSR2: [libjvm.so+0x307270], sa_mask[0]=0x08080002, sa_flags=0x10000004


---------------  S Y S T E M  ---------------

OS:Fedora Core release 6 (Zod)

uname:Linux 2.6.20-1.2952.fc6 #1 SMP Wed May 16 18:59:18 EDT 2007 i686
libc:glibc 2.5 NPTL 2.5 
rlimit: STACK 10240k, CORE 0k, NPROC 32764, NOFILE 1024, AS infinity
load average:1.02 1.08 1.00

CPU:total 2 family 15, cmov, cx8, fxsr, mmx, sse, sse2, mmxext, 3dnowext, 3dnow

Memory: 4k page, physical 2070968k(92188k free), swap 2096472k(2096340k free)

vm_info: Java HotSpot(TM) Client VM (1.6.0_01-b06) for linux-x86, built on Mar 14 2007 01:00:53 by "java_re" with gcc 3.2.1-7a (J2SE release)

